<?xml version="1.0" encoding="UTF-8"?>
<!-- Generated by org.testng.reporters.JUnitReportReporter -->
<testsuite hostname="DESKTOP-IUV5H0M" failures="0" tests="6" name="com.bankingproject.loginpage.TestDemo" time="0.024" errors="0" timestamp="2023-02-14T11:31:32 IST" skipped="1">
  <testcase classname="com.bankingproject.loginpage.TestDemo" name="homepage1" time="0.002"/>
  <system-out/>
  <testcase classname="com.bankingproject.loginpage.TestDemo" name="homepage2" time="0.006"/>
  <system-out/>
  <testcase classname="com.bankingproject.loginpage.TestDemo" name="homepage3" time="0.010"/>
  <system-out/>
  <testcase classname="com.bankingproject.loginpage.TestDemo" name="homepage4" time="0.005"/>
  <system-out/>
  <testcase classname="com.bankingproject.loginpage.TestDemo" name="homepage4" time="0.001"/>
  <system-out/>
  <testcase classname="com.bankingproject.loginpage.TestDemo" name="homepage5">
    <skipped/>
  </testcase> <!-- homepage5 -->
  <system-out/>
</testsuite> <!-- com.bankingproject.loginpage.TestDemo -->
