<?xml version="1.0" encoding="UTF-8"?>
<!-- Generated by org.testng.reporters.JUnitReportReporter -->
<testsuite hostname="DESKTOP-IUV5H0M" failures="0" tests="2" name="com.bankingproject.homepage.HomePageTest" time="3.277" errors="0" timestamp="2023-01-24T16:05:02 IST" skipped="0">
  <testcase classname="com.bankingproject.homepage.HomePageTest" name="clickSubmit" time="0.213"/>
  <system-out/>
  <testcase classname="com.bankingproject.homepage.HomePageTest" name="clickEmail" time="3.064"/>
  <system-out/>
</testsuite> <!-- com.bankingproject.homepage.HomePageTest -->
