<?xml version="1.0" encoding="UTF-8"?>
<!-- Generated by org.testng.reporters.JUnitReportReporter -->
<testsuite hostname="DESKTOP-IUV5H0M" failures="0" tests="1" name="com.bankingproject.loginpage.LoginPageTest" time="3.718" errors="0" timestamp="2023-01-21T10:36:01 IST" skipped="0">
  <testcase classname="com.bankingproject.loginpage.LoginPageTest" name="testTitle" time="3.718"/>
  <system-out/>
</testsuite> <!-- com.bankingproject.loginpage.LoginPageTest -->
